make all --print-data-base --no-builtin-variables --no-builtin-rules --question
# GNU Make 4.3
# Built for x86_64-pc-linux-gnu
# Copyright (C) 1988-2020 Free Software Foundation, Inc.
# License GPLv3+: GNU GPL version 3 or later <http://gnu.org/licenses/gpl.html>
# This is free software: you are free to change and redistribute it.
# There is NO WARRANTY, to the extent permitted by law.

# Make data base, printed on Fri Jul  8 07:57:03 2022

# Variables

# environment
GDK_BACKEND = x11
# environment
LC_ALL = C
# environment
SSH_AGENT_LAUNCHER = gnome-keyring
# makefile (from 'Makefile', line 16)
FUNCTIONS = print1.c
# environment
VSCODE_IPC_HOOK_EXTHOST = /run/user/31706/vscode-ipc-c6f4553c-fd54-4120-826d-cc82320708f1.sock
# environment
MANDATORY_PATH = /usr/share/gconf/ubuntu.mandatory.path
# environment
VSCODE_CWD = /mnt/nfs/homes/fratardi/ping
# environment
NVM_PATH = /mnt/nfs/homes/fratardi/.nvm/versions/node/v10.19.0/lib/node
# environment
NVM_DIR = /mnt/nfs/homes/fratardi/.nvm
# environment
LIBVIRT_DEFAULT_URI = qemu:///system
# environment
GDM_LANG = en
# default
MAKE_COMMAND := make
# environment
QT_ACCESSIBILITY = 1
# makefile (from 'Makefile', line 8)
FLAG__DBG = -fsanitize=address
# automatic
@D = $(patsubst %/,%,$(dir $@))
# environment
VSCODE_HANDLES_UNCAUGHT_ERRORS = true
# default
.VARIABLES := 
# environment
PWD = /mnt/nfs/homes/fratardi/ping
# automatic
%D = $(patsubst %/,%,$(dir $%))
# environment
XDG_DATA_DIRS = /usr/share/ubuntu:/usr/share/gnome:/mnt/nfs/homes/fratardi/.local/share/flatpak/exports/share:/var/lib/flatpak/exports/share:/usr/local/share:/usr/share:/var/lib/snapd/desktop
# environment
OLDPWD = /mnt/nfs/homes/fratardi
# automatic
^D = $(patsubst %/,%,$(dir $^))
# environment
VSCODE_LOG_STACK = false
# automatic
%F = $(notdir $%)
# environment
VSCODE_CODE_CACHE_PATH = /mnt/nfs/homes/fratardi/.config/Code/CachedData/30d9c6cd9483b2cc586687151bcbcd635f373630
# environment
XDG_SESSION_PATH = /org/freedesktop/DisplayManager/Session6
# environment
LANG = C
# environment
XAUTHORITY = /mnt/nfs/homes/fratardi/.Xauthority
# default
.LOADED := 
# default
.INCLUDE_DIRS = /usr/local/include /usr/include /usr/include
# environment
GNOME_TERMINAL_SERVICE = :1.78
# makefile
MAKEFLAGS = pqrR
# makefile
CURDIR := /mnt/nfs/homes/fratardi/ping
# environment
VSCODE_PIPE_LOGGING = true
# environment
APPLICATION_INSIGHTS_NO_DIAGNOSTIC_CHANNEL = 1
# automatic
*D = $(patsubst %/,%,$(dir $*))
# environment
MFLAGS = -pqrR
# environment
SSH_AUTH_SOCK = /run/user/31706/keyring/ssh
# default
.SHELLFLAGS := -c
# environment
NVM_BIN = /mnt/nfs/homes/fratardi/.nvm/versions/node/v10.19.0/bin
# environment
XDG_CONFIG_DIRS = /etc/xdg/xdg-ubuntu:/etc/xdg
# automatic
+D = $(patsubst %/,%,$(dir $+))
# environment
XDG_SESSION_DESKTOP = ubuntu
# makefile (from 'Makefile', line 1)
MAKEFILE_LIST := Makefile
# automatic
@F = $(notdir $@)
# environment
VSCODE_VERBOSE_LOGGING = true
# environment
VSCODE_PID = 164957
# environment
KRB5CCNAME = FILE:/tmp/krb5cc_31706_I7D1DF
# environment
XDG_SESSION_TYPE = x11
# automatic
?D = $(patsubst %/,%,$(dir $?))
# makefile (from 'Makefile', line 6)
FLAGS = 
# environment
SESSION_MANAGER = local/e1r2p2.42.fr:@/tmp/.ICE-unix/164193,unix/e1r2p2.42.fr:/tmp/.ICE-unix/164193
# automatic
*F = $(notdir $*)
# environment
MANPATH = /mnt/nfs/homes/fratardi/.nvm/versions/node/v10.19.0/share/man:/usr/local/man:/usr/local/share/man:/usr/share/man
# environment
CHROME_DESKTOP = code-url-handler.desktop
# environment
DBUS_SESSION_BUS_ADDRESS = unix:path=/run/user/31706/bus
# automatic
<D = $(patsubst %/,%,$(dir $<))
# environment
VSCODE_NLS_CONFIG = {"locale":"en-us","availableLanguages":{},"_languagePackSupport":true}
# default
MAKE_HOST := x86_64-pc-linux-gnu
# makefile (from 'Makefile', line 12)
COMPILER = clang
# environment
GNOME_DESKTOP_SESSION_ID = this-is-deprecated
# makefile
SHELL = /bin/sh
# default
MAKECMDGOALS := all
# environment
XMODIFIERS = @im=ibus
# makefile (from 'Makefile', line 22)
HEADERS = ./ping.h
# environment
SHLVL = 1
# environment
GNOME_TERMINAL_SCREEN = /org/gnome/Terminal/screen/36805831_866d_45dd_8ad4_49d32c8fc93d
# environment
MAKELEVEL := 0
# default
MAKE = $(MAKE_COMMAND)
# environment
PATH = /mnt/nfs/homes/fratardi/.nvm/versions/node/v10.19.0/bin:/mnt/nfs/homes/fratardi/bin:/usr/local/sbin:/usr/local/bin:/usr/sbin:/usr/bin:/sbin:/bin:/usr/games:/usr/local/games:/snap/bin
# default
MAKEFILES := 
# environment
LANGUAGE = en
# automatic
^F = $(notdir $^)
# makefile (from 'Makefile', line 4)
MAIN = ping.c
# environment
VSCODE_LOG_NATIVE = false
# environment
DOCKER_HOST = unix:///run/user/31706/docker.sock
# automatic
?F = $(notdir $?)
# makefile (from 'Makefile', line 2)
NAME = ping
# environment
XDG_CURRENT_DESKTOP = Unity
# automatic
+F = $(notdir $+)
# environment
XDG_SEAT_PATH = /org/freedesktop/DisplayManager/Seat0
# environment
DESKTOP_SESSION = ubuntu
# environment
ORIGINAL_XDG_CURRENT_DESKTOP = ubuntu:GNOME
# 'override' directive
GNUMAKEFLAGS := 
# environment
LOGNAME = fratardi
# environment
NVM_NODEJS_ORG_MIRROR = https://nodejs.org/dist
# makefile
.DEFAULT_GOAL := all
# environment
SYSTEMD_EXEC_PID = 164216
# makefile (from 'Makefile', line 14)
RM = /bin/rm -rf
# environment
DISPLAY = :0
# environment
USER = fratardi
# environment
GTK_MODULES = gail:atk-bridge
# environment
DEFAULTS_PATH = /usr/share/gconf/ubuntu.default.path
# default
MAKE_VERSION := 4.3
# makefile (from 'Makefile', line 19)
SRCO = $(addprefix $(SRCDIR), $(FUNCTIONS:.c=.o)) $(MAIN:.c=.o)
# environment
_ = /usr/bin/code
# environment
XDG_RUNTIME_DIR = /run/user/31706
# environment
GPG_AGENT_INFO = /run/user/31706/gnupg/S.gpg-agent:0:1
# environment
COLORTERM = truecolor
# environment
NVM_CD_FLAGS = -q
# environment
XDG_SESSION_CLASS = user
# environment
VSCODE_AMD_ENTRYPOINT = vs/workbench/api/node/extensionHostProcess
# environment
HOME = /mnt/nfs/homes/fratardi
# environment
QT_IM_MODULE = ibus
# environment
NVM_IOJS_ORG_MIRROR = https://iojs.org/dist
# environment
ELECTRON_RUN_AS_NODE = 1
# environment
VSCODE_IPC_HOOK = /run/user/31706/vscode-93e34021-1.68.1-main.sock
# environment
TERM = xterm-256color
# makefile (from 'Makefile', line 10)
SRCDIR = 
# default
.RECIPEPREFIX := 
# automatic
<F = $(notdir $<)
# default
SUFFIXES := 
# environment
VSCODE_CLI = 1
# environment
ELECTRON_NO_ATTACH_CONSOLE = 1
# environment
VTE_VERSION = 6800
# environment
XDG_GREETER_DATA_DIR = /var/lib/lightdm-data/fratardi
# default
.FEATURES := target-specific order-only second-expansion else-if shortest-stem undefine oneshell nocomment grouped-target extra-prereqs archives jobserver output-sync check-symlink load
# environment
XDG_MENU_PREFIX = gnome-
# environment
GDMSESSION = ubuntu
# variable set hash-table stats:
# Load=119/1024=12%, Rehash=0, Collisions=15/157=10%

# Pattern-specific Variable Values

# No pattern-specific variable values.

# Directories

# . (device 52, inode 197756409): 12 files, no impossibilities.

# 12 files, no impossibilities in 1 directories.

# Implicit Rules

%.o: %.c ping.h
#  recipe to execute (from 'Makefile', line 25):
	$(COMPILER) $(FLAGS) -o $@ -c $<

# 1 implicit rules, 0 (0.0%) terminal.
# Files

ping.o: ping.c ping.h
#  Implicit rule search has been done.
#  Implicit/static pattern stem: 'ping'
#  Last modified 2022-07-08 06:12:30.250257372
#  File has been updated.
#  Successfully updated.
#  recipe to execute (from 'Makefile', line 25):
	$(COMPILER) $(FLAGS) -o $@ -c $<

# Not a target:
Makefile:
 
#  Implicit rule search has been done.
#  Last modified 2022-07-04 07:49:15.395444308
#  File has been updated.
#  Successfully updated.

clean:
#  Implicit rule search has not been done.
#  Modification time never checked.
#  File has not been updated.
#  recipe to execute (from 'Makefile', line 39):
	make 
	$(RM) $(SRCO)

# Not a target:
ping.c:
#  Implicit rule search has been done.
#  Last modified 2022-07-08 06:12:27.927260194
#  File has been updated.
#  Successfully updated.

ping: print1.o ping.o
#  Implicit rule search has not been done.
#  Last modified 2022-07-08 06:12:30.348257253
#  File has been updated.
#  Successfully updated.
#  recipe to execute (from 'Makefile', line 31):
	$(COMPILER) $(FLAGS) -o $(NAME) $(SRCO)

re: fclean all
#  Implicit rule search has not been done.
#  Modification time never checked.
#  File has not been updated.

dbg: ping
#  Implicit rule search has not been done.
#  Modification time never checked.
#  File has not been updated.
#  recipe to execute (from 'Makefile', line 35):
	$(COMPILER) $(FLAG__DBG) -o $(NAME) $(SRCO)

# Not a target:
.DEFAULT:
#  Implicit rule search has not been done.
#  Modification time never checked.
#  File has not been updated.

all: ping
#  Command line target.
#  Implicit rule search has been done.
#  File does not exist.
#  File has been updated.
#  Successfully updated.

fclean: clean
#  Implicit rule search has not been done.
#  Modification time never checked.
#  File has not been updated.
#  recipe to execute (from 'Makefile', line 43):
	make 
	$(RM) $(NAME)

print1.o: print1.c ping.h
#  Implicit rule search has been done.
#  Implicit/static pattern stem: 'print1'
#  Last modified 2022-07-08 06:12:30.183257454
#  File has been updated.
#  Successfully updated.
#  recipe to execute (from 'Makefile', line 25):
	$(COMPILER) $(FLAGS) -o $@ -c $<

# Not a target:
ping.h:
#  Implicit rule search has been done.
#  Last modified 2022-07-08 06:00:11.546152329
#  File has been updated.
#  Successfully updated.

# Not a target:
print1.c:
#  Implicit rule search has been done.
#  Last modified 2022-07-08 06:11:14.170349772
#  File has been updated.
#  Successfully updated.

# files hash-table stats:
# Load=14/1024=1%, Rehash=0, Collisions=0/43=0%
# VPATH Search Paths

# No 'vpath' search paths.

# No general ('VPATH' variable) search path.

# strcache buffers: 1 (0) / strings = 24 / storage = 165 B / avg = 6 B
# current buf: size = 8162 B / used = 165 B / count = 24 / avg = 6 B

# strcache performance: lookups = 53 / hit rate = 54%
# hash-table stats:
# Load=24/8192=0%, Rehash=0, Collisions=0/53=0%
# Finished Make data base on Fri Jul  8 07:57:03 2022

 
